0 verbose cli /usr/local/bin/node /usr/local/bin/npm
1 info using npm@10.9.0
2 info using node@v22.11.0
3 silly config load:file:/usr/local/lib/node_modules/npm/npmrc
4 silly config load:file:/Users/xcape/网页/google/.npmrc
5 silly config load:file:/Users/xcape/.npmrc
6 silly config load:file:/usr/local/etc/npmrc
7 verbose title npm install
8 verbose argv "install" "--legacy-peer-deps" "--no-audit" "--progress" "false" "--cache" ".npm_cache"
9 verbose logfile logs-max:10 dir:/Users/xcape/网页/google/.npm_cache/_logs/2025-05-24T14_16_16_298Z-
10 verbose logfile /Users/xcape/网页/google/.npm_cache/_logs/2025-05-24T14_16_16_298Z-debug-0.log
11 silly logfile done cleaning log files
12 silly packumentCache heap:4345298944 maxSize:1086324736 maxEntrySize:543162368
13 silly idealTree buildDeps
14 silly fetch manifest cors@^2.8.5
15 silly packumentCache full:https://registry.npmjs.org/cors cache-miss
16 http fetch GET 200 https://registry.npmjs.org/cors 86ms (cache miss)
17 silly packumentCache full:https://registry.npmjs.org/cors set size:undefined disposed:false
18 silly fetch manifest express@^4.18.2
19 silly packumentCache full:https://registry.npmjs.org/express cache-miss
20 http fetch GET 200 https://registry.npmjs.org/npm 173ms
21 http fetch GET 200 https://registry.npmjs.org/express 65ms (cache miss)
22 silly packumentCache full:https://registry.npmjs.org/express set size:undefined disposed:false
23 silly fetch manifest multer@^1.4.5-lts.1
24 silly packumentCache full:https://registry.npmjs.org/multer cache-miss
25 http fetch GET 200 https://registry.npmjs.org/multer 36ms (cache miss)
26 silly packumentCache full:https://registry.npmjs.org/multer set size:undefined disposed:false
27 silly fetch manifest uuid@^9.0.1
28 silly packumentCache full:https://registry.npmjs.org/uuid cache-miss
29 http fetch GET 200 https://registry.npmjs.org/uuid 35ms (cache miss)
30 silly packumentCache full:https://registry.npmjs.org/uuid set size:undefined disposed:false
31 silly placeDep ROOT cors@2.8.5 OK for: secure-file-share@1.0.0 want: ^2.8.5
32 silly placeDep ROOT express@4.21.2 OK for: secure-file-share@1.0.0 want: ^4.18.2
33 silly placeDep ROOT multer@1.4.5-lts.2 OK for: secure-file-share@1.0.0 want: ^1.4.5-lts.1
34 silly placeDep ROOT uuid@9.0.1 OK for: secure-file-share@1.0.0 want: ^9.0.1
35 silly fetch manifest vary@^1
36 silly packumentCache full:https://registry.npmjs.org/vary cache-miss
37 silly fetch manifest object-assign@^4
38 silly packumentCache full:https://registry.npmjs.org/object-assign cache-miss
39 silly fetch manifest qs@6.13.0
40 silly packumentCache full:https://registry.npmjs.org/qs cache-miss
41 silly fetch manifest depd@2.0.0
42 silly packumentCache full:https://registry.npmjs.org/depd cache-miss
43 silly fetch manifest etag@~1.8.1
44 silly packumentCache full:https://registry.npmjs.org/etag cache-miss
45 silly fetch manifest send@0.19.0
46 silly packumentCache full:https://registry.npmjs.org/send cache-miss
47 silly fetch manifest vary@~1.1.2
48 silly packumentCache full:https://registry.npmjs.org/vary cache-miss
49 http fetch GET 200 https://registry.npmjs.org/object-assign 51ms (cache miss)
50 silly packumentCache full:https://registry.npmjs.org/object-assign set size:undefined disposed:false
51 silly fetch manifest debug@2.6.9
52 silly packumentCache full:https://registry.npmjs.org/debug cache-miss
53 http fetch GET 200 https://registry.npmjs.org/vary 67ms (cache miss)
54 silly packumentCache full:https://registry.npmjs.org/vary set size:undefined disposed:false
55 silly fetch manifest fresh@0.5.2
56 silly packumentCache full:https://registry.npmjs.org/fresh cache-miss
57 http fetch GET 200 https://registry.npmjs.org/vary 103ms (cache miss)
58 silly packumentCache full:https://registry.npmjs.org/vary set size:undefined disposed:false
59 silly fetch manifest cookie@0.7.1
60 silly packumentCache full:https://registry.npmjs.org/cookie cache-miss
61 http fetch GET 200 https://registry.npmjs.org/etag 106ms (cache miss)
62 silly packumentCache full:https://registry.npmjs.org/etag set size:undefined disposed:false
63 silly fetch manifest accepts@~1.3.8
64 silly packumentCache full:https://registry.npmjs.org/accepts cache-miss
65 http fetch GET 200 https://registry.npmjs.org/depd 111ms (cache miss)
66 silly packumentCache full:https://registry.npmjs.org/depd set size:undefined disposed:false
67 silly fetch manifest methods@~1.1.2
68 silly packumentCache full:https://registry.npmjs.org/methods cache-miss
69 http fetch GET 200 https://registry.npmjs.org/debug 60ms (cache miss)
70 silly packumentCache full:https://registry.npmjs.org/debug set size:undefined disposed:false
71 silly fetch manifest type-is@~1.6.18
72 silly packumentCache full:https://registry.npmjs.org/type-is cache-miss
73 http fetch GET 200 https://registry.npmjs.org/fresh 55ms (cache miss)
74 silly packumentCache full:https://registry.npmjs.org/fresh set size:undefined disposed:false
75 silly fetch manifest parseurl@~1.3.3
76 silly packumentCache full:https://registry.npmjs.org/parseurl cache-miss
77 http fetch GET 200 https://registry.npmjs.org/send 125ms (cache miss)
78 silly packumentCache full:https://registry.npmjs.org/send set size:undefined disposed:false
79 silly fetch manifest statuses@2.0.1
80 silly packumentCache full:https://registry.npmjs.org/statuses cache-miss
81 http fetch GET 200 https://registry.npmjs.org/qs 133ms (cache miss)
82 silly packumentCache full:https://registry.npmjs.org/qs set size:undefined disposed:false
83 silly fetch manifest encodeurl@~2.0.0
84 silly packumentCache full:https://registry.npmjs.org/encodeurl cache-miss
85 http fetch GET 200 https://registry.npmjs.org/cookie 38ms (cache miss)
86 silly packumentCache full:https://registry.npmjs.org/cookie set size:undefined disposed:false
87 silly fetch manifest proxy-addr@~2.0.7
88 silly packumentCache full:https://registry.npmjs.org/proxy-addr cache-miss
89 http fetch GET 200 https://registry.npmjs.org/accepts 47ms (cache miss)
90 silly packumentCache full:https://registry.npmjs.org/accepts set size:undefined disposed:false
91 silly fetch manifest body-parser@1.20.3
92 silly packumentCache full:https://registry.npmjs.org/body-parser cache-miss
93 http fetch GET 200 https://registry.npmjs.org/type-is 46ms (cache miss)
94 silly packumentCache full:https://registry.npmjs.org/type-is set size:undefined disposed:false
95 silly fetch manifest escape-html@~1.0.3
96 silly packumentCache full:https://registry.npmjs.org/escape-html cache-miss
97 http fetch GET 200 https://registry.npmjs.org/methods 56ms (cache miss)
98 silly packumentCache full:https://registry.npmjs.org/methods set size:undefined disposed:false
99 silly fetch manifest http-errors@2.0.0
100 silly packumentCache full:https://registry.npmjs.org/http-errors cache-miss
101 http fetch GET 200 https://registry.npmjs.org/parseurl 48ms (cache miss)
102 silly packumentCache full:https://registry.npmjs.org/parseurl set size:undefined disposed:false
103 silly fetch manifest on-finished@2.4.1
104 silly packumentCache full:https://registry.npmjs.org/on-finished cache-miss
105 http fetch GET 200 https://registry.npmjs.org/statuses 45ms (cache miss)
106 silly packumentCache full:https://registry.npmjs.org/statuses set size:undefined disposed:false
107 silly fetch manifest safe-buffer@5.2.1
108 silly packumentCache full:https://registry.npmjs.org/safe-buffer cache-miss
109 http fetch GET 200 https://registry.npmjs.org/encodeurl 40ms (cache miss)
110 silly packumentCache full:https://registry.npmjs.org/encodeurl set size:undefined disposed:false
111 silly fetch manifest utils-merge@1.0.1
112 silly packumentCache full:https://registry.npmjs.org/utils-merge cache-miss
113 http fetch GET 200 https://registry.npmjs.org/proxy-addr 35ms (cache miss)
114 silly packumentCache full:https://registry.npmjs.org/proxy-addr set size:undefined disposed:false
115 silly fetch manifest content-type@~1.0.4
116 silly packumentCache full:https://registry.npmjs.org/content-type cache-miss
117 http fetch GET 200 https://registry.npmjs.org/body-parser 34ms (cache miss)
118 silly packumentCache full:https://registry.npmjs.org/body-parser set size:undefined disposed:false
119 silly fetch manifest finalhandler@1.3.1
120 silly packumentCache full:https://registry.npmjs.org/finalhandler cache-miss
121 http fetch GET 200 https://registry.npmjs.org/escape-html 45ms (cache miss)
122 silly packumentCache full:https://registry.npmjs.org/escape-html set size:undefined disposed:false
123 silly fetch manifest range-parser@~1.2.1
124 silly packumentCache full:https://registry.npmjs.org/range-parser cache-miss
125 http fetch GET 200 https://registry.npmjs.org/on-finished 41ms (cache miss)
126 silly packumentCache full:https://registry.npmjs.org/on-finished set size:undefined disposed:false
127 silly fetch manifest serve-static@1.16.2
128 silly packumentCache full:https://registry.npmjs.org/serve-static cache-miss
129 http fetch GET 200 https://registry.npmjs.org/http-errors 48ms (cache miss)
130 silly packumentCache full:https://registry.npmjs.org/http-errors set size:undefined disposed:false
131 silly fetch manifest array-flatten@1.1.1
132 silly packumentCache full:https://registry.npmjs.org/array-flatten cache-miss
133 http fetch GET 200 https://registry.npmjs.org/utils-merge 40ms (cache miss)
134 silly packumentCache full:https://registry.npmjs.org/utils-merge set size:undefined disposed:false
135 silly fetch manifest path-to-regexp@0.1.12
136 silly packumentCache full:https://registry.npmjs.org/path-to-regexp cache-miss
137 http fetch GET 200 https://registry.npmjs.org/safe-buffer 44ms (cache miss)
138 silly packumentCache full:https://registry.npmjs.org/safe-buffer set size:undefined disposed:false
139 silly fetch manifest setprototypeof@1.2.0
140 silly packumentCache full:https://registry.npmjs.org/setprototypeof cache-miss
141 http fetch GET 200 https://registry.npmjs.org/content-type 41ms (cache miss)
142 silly packumentCache full:https://registry.npmjs.org/content-type set size:undefined disposed:false
143 silly fetch manifest cookie-signature@1.0.6
144 silly packumentCache full:https://registry.npmjs.org/cookie-signature cache-miss
145 http fetch GET 200 https://registry.npmjs.org/range-parser 44ms (cache miss)
146 silly packumentCache full:https://registry.npmjs.org/range-parser set size:undefined disposed:false
147 silly fetch manifest merge-descriptors@1.0.3
148 silly packumentCache full:https://registry.npmjs.org/merge-descriptors cache-miss
149 http fetch GET 200 https://registry.npmjs.org/serve-static 44ms (cache miss)
150 silly packumentCache full:https://registry.npmjs.org/serve-static set size:undefined disposed:false
151 silly fetch manifest content-disposition@0.5.4
152 silly packumentCache full:https://registry.npmjs.org/content-disposition cache-miss
153 http fetch GET 200 https://registry.npmjs.org/array-flatten 44ms (cache miss)
154 silly packumentCache full:https://registry.npmjs.org/array-flatten set size:undefined disposed:false
155 silly fetch manifest xtend@^4.0.0
156 silly packumentCache full:https://registry.npmjs.org/xtend cache-miss
157 http fetch GET 200 https://registry.npmjs.org/finalhandler 70ms (cache miss)
158 silly packumentCache full:https://registry.npmjs.org/finalhandler set size:undefined disposed:false
159 silly fetch manifest busboy@^1.0.0
160 silly packumentCache full:https://registry.npmjs.org/busboy cache-miss
161 http fetch GET 200 https://registry.npmjs.org/path-to-regexp 49ms (cache miss)
162 silly packumentCache full:https://registry.npmjs.org/path-to-regexp set size:undefined disposed:false
163 silly fetch manifest mkdirp@^0.5.4
164 silly packumentCache full:https://registry.npmjs.org/mkdirp cache-miss
165 http fetch GET 200 https://registry.npmjs.org/setprototypeof 51ms (cache miss)
166 silly packumentCache full:https://registry.npmjs.org/setprototypeof set size:undefined disposed:false
167 silly fetch manifest type-is@^1.6.4
168 silly packumentCache full:https://registry.npmjs.org/type-is cache-miss
169 http fetch GET 200 https://registry.npmjs.org/cookie-signature 50ms (cache miss)
170 silly packumentCache full:https://registry.npmjs.org/cookie-signature set size:undefined disposed:false
171 silly fetch manifest append-field@^1.0.0
172 silly packumentCache full:https://registry.npmjs.org/append-field cache-miss
173 http fetch GET 200 https://registry.npmjs.org/type-is 10ms (cache hit)
174 silly packumentCache full:https://registry.npmjs.org/type-is set size:86196 disposed:false
175 silly fetch manifest concat-stream@^1.5.2
176 silly packumentCache full:https://registry.npmjs.org/concat-stream cache-miss
177 http fetch GET 200 https://registry.npmjs.org/merge-descriptors 38ms (cache miss)
178 silly packumentCache full:https://registry.npmjs.org/merge-descriptors set size:undefined disposed:false
179 silly fetch manifest object-assign@^4.1.1
180 silly packumentCache full:https://registry.npmjs.org/object-assign cache-miss
181 http fetch GET 200 https://registry.npmjs.org/content-disposition 46ms (cache miss)
182 silly packumentCache full:https://registry.npmjs.org/content-disposition set size:undefined disposed:false
183 http fetch GET 200 https://registry.npmjs.org/xtend 44ms (cache miss)
184 silly packumentCache full:https://registry.npmjs.org/xtend set size:undefined disposed:false
185 http fetch GET 200 https://registry.npmjs.org/object-assign 13ms (cache hit)
186 silly packumentCache full:https://registry.npmjs.org/object-assign set size:28988 disposed:false
187 http fetch GET 200 https://registry.npmjs.org/busboy 43ms (cache miss)
188 silly packumentCache full:https://registry.npmjs.org/busboy set size:undefined disposed:false
189 http fetch GET 200 https://registry.npmjs.org/append-field 37ms (cache miss)
190 silly packumentCache full:https://registry.npmjs.org/append-field set size:undefined disposed:false
191 http fetch GET 200 https://registry.npmjs.org/mkdirp 42ms (cache miss)
192 silly packumentCache full:https://registry.npmjs.org/mkdirp set size:undefined disposed:false
193 http fetch GET 200 https://registry.npmjs.org/concat-stream 42ms (cache miss)
194 silly packumentCache full:https://registry.npmjs.org/concat-stream set size:undefined disposed:false
195 silly placeDep ROOT object-assign@4.1.1 OK for: cors@2.8.5 want: ^4
196 silly placeDep ROOT vary@1.1.2 OK for: cors@2.8.5 want: ^1
197 silly placeDep ROOT accepts@1.3.8 OK for: express@4.21.2 want: ~1.3.8
198 silly placeDep ROOT array-flatten@1.1.1 OK for: express@4.21.2 want: 1.1.1
199 silly placeDep ROOT body-parser@1.20.3 OK for: express@4.21.2 want: 1.20.3
200 silly placeDep ROOT content-disposition@0.5.4 OK for: express@4.21.2 want: 0.5.4
201 silly placeDep ROOT content-type@1.0.5 OK for: express@4.21.2 want: ~1.0.4
202 silly placeDep ROOT cookie@0.7.1 OK for: express@4.21.2 want: 0.7.1
203 silly placeDep ROOT cookie-signature@1.0.6 OK for: express@4.21.2 want: 1.0.6
204 silly placeDep ROOT debug@2.6.9 OK for: express@4.21.2 want: 2.6.9
205 silly placeDep ROOT depd@2.0.0 OK for: express@4.21.2 want: 2.0.0
206 silly placeDep ROOT encodeurl@2.0.0 OK for: express@4.21.2 want: ~2.0.0
207 silly placeDep ROOT escape-html@1.0.3 OK for: express@4.21.2 want: ~1.0.3
208 silly placeDep ROOT etag@1.8.1 OK for: express@4.21.2 want: ~1.8.1
209 silly placeDep ROOT finalhandler@1.3.1 OK for: express@4.21.2 want: 1.3.1
210 silly placeDep ROOT fresh@0.5.2 OK for: express@4.21.2 want: 0.5.2
211 silly placeDep ROOT http-errors@2.0.0 OK for: express@4.21.2 want: 2.0.0
212 silly placeDep ROOT merge-descriptors@1.0.3 OK for: express@4.21.2 want: 1.0.3
213 silly placeDep ROOT methods@1.1.2 OK for: express@4.21.2 want: ~1.1.2
214 silly placeDep ROOT on-finished@2.4.1 OK for: express@4.21.2 want: 2.4.1
215 silly placeDep ROOT parseurl@1.3.3 OK for: express@4.21.2 want: ~1.3.3
216 silly placeDep ROOT path-to-regexp@0.1.12 OK for: express@4.21.2 want: 0.1.12
217 silly placeDep ROOT proxy-addr@2.0.7 OK for: express@4.21.2 want: ~2.0.7
218 silly placeDep ROOT qs@6.13.0 OK for: express@4.21.2 want: 6.13.0
219 silly placeDep ROOT range-parser@1.2.1 OK for: express@4.21.2 want: ~1.2.1
220 silly placeDep ROOT safe-buffer@5.2.1 OK for: express@4.21.2 want: 5.2.1
221 silly placeDep ROOT send@0.19.0 OK for: express@4.21.2 want: 0.19.0
222 silly placeDep ROOT serve-static@1.16.2 OK for: express@4.21.2 want: 1.16.2
223 silly placeDep ROOT setprototypeof@1.2.0 OK for: express@4.21.2 want: 1.2.0
224 silly placeDep ROOT statuses@2.0.1 OK for: express@4.21.2 want: 2.0.1
225 silly placeDep ROOT type-is@1.6.18 OK for: express@4.21.2 want: ~1.6.18
226 silly placeDep ROOT utils-merge@1.0.1 OK for: express@4.21.2 want: 1.0.1
227 silly fetch manifest mime-types@~2.1.34
228 silly packumentCache full:https://registry.npmjs.org/mime-types cache-miss
229 silly fetch manifest negotiator@0.6.3
230 silly packumentCache full:https://registry.npmjs.org/negotiator cache-miss
231 silly fetch manifest bytes@3.1.2
232 silly packumentCache full:https://registry.npmjs.org/bytes cache-miss
233 silly fetch manifest unpipe@1.0.0
234 silly packumentCache full:https://registry.npmjs.org/unpipe cache-miss
235 silly fetch manifest destroy@1.2.0
236 silly packumentCache full:https://registry.npmjs.org/destroy cache-miss
237 silly fetch manifest raw-body@2.5.2
238 silly packumentCache full:https://registry.npmjs.org/raw-body cache-miss
239 silly fetch manifest iconv-lite@0.4.24
240 silly packumentCache full:https://registry.npmjs.org/iconv-lite cache-miss
241 http fetch GET 200 https://registry.npmjs.org/unpipe 65ms (cache miss)
242 silly packumentCache full:https://registry.npmjs.org/unpipe set size:undefined disposed:false
243 silly fetch manifest content-type@~1.0.5
244 silly packumentCache full:https://registry.npmjs.org/content-type cache-miss
245 http fetch GET 200 https://registry.npmjs.org/bytes 68ms (cache miss)
246 silly packumentCache full:https://registry.npmjs.org/bytes set size:undefined disposed:false
247 silly fetch manifest ms@2.0.0
248 silly packumentCache full:https://registry.npmjs.org/ms cache-miss
249 http fetch GET 200 https://registry.npmjs.org/negotiator 70ms (cache miss)
250 silly packumentCache full:https://registry.npmjs.org/negotiator set size:undefined disposed:false
251 silly fetch manifest unpipe@~1.0.0
252 silly packumentCache full:https://registry.npmjs.org/unpipe cache-miss
253 http fetch GET 200 https://registry.npmjs.org/destroy 71ms (cache miss)
254 silly packumentCache full:https://registry.npmjs.org/destroy set size:undefined disposed:false
255 silly fetch manifest inherits@2.0.4
256 silly packumentCache full:https://registry.npmjs.org/inherits cache-miss
257 http fetch GET 200 https://registry.npmjs.org/raw-body 73ms (cache miss)
258 silly packumentCache full:https://registry.npmjs.org/raw-body set size:undefined disposed:false
259 silly fetch manifest toidentifier@1.0.1
260 silly packumentCache full:https://registry.npmjs.org/toidentifier cache-miss
261 http fetch GET 200 https://registry.npmjs.org/iconv-lite 77ms (cache miss)
262 silly packumentCache full:https://registry.npmjs.org/iconv-lite set size:undefined disposed:false
263 silly fetch manifest ee-first@1.1.1
264 silly packumentCache full:https://registry.npmjs.org/ee-first cache-miss
265 http fetch GET 200 https://registry.npmjs.org/mime-types 83ms (cache miss)
266 silly packumentCache full:https://registry.npmjs.org/mime-types set size:undefined disposed:false
267 silly fetch manifest forwarded@0.2.0
268 silly packumentCache full:https://registry.npmjs.org/forwarded cache-miss
269 http fetch GET 200 https://registry.npmjs.org/unpipe 17ms (cache hit)
270 silly packumentCache full:https://registry.npmjs.org/unpipe set size:3537 disposed:false
271 silly fetch manifest ipaddr.js@1.9.1
272 silly packumentCache full:https://registry.npmjs.org/ipaddr.js cache-miss
273 http fetch GET 200 https://registry.npmjs.org/content-type 21ms (cache hit)
274 silly packumentCache full:https://registry.npmjs.org/content-type set size:17311 disposed:false
275 silly fetch manifest side-channel@^1.0.6
276 silly packumentCache full:https://registry.npmjs.org/side-channel cache-miss
277 http fetch GET 200 https://registry.npmjs.org/ms 34ms (cache miss)
278 silly packumentCache full:https://registry.npmjs.org/ms set size:undefined disposed:false
279 silly fetch manifest ms@2.1.3
280 silly packumentCache full:https://registry.npmjs.org/ms cache-miss
281 http fetch GET 200 https://registry.npmjs.org/ee-first 38ms (cache miss)
282 silly packumentCache full:https://registry.npmjs.org/ee-first set size:undefined disposed:false
283 silly fetch manifest mime@1.6.0
284 silly packumentCache full:https://registry.npmjs.org/mime cache-miss
285 http fetch GET 200 https://registry.npmjs.org/inherits 50ms (cache miss)
286 silly packumentCache full:https://registry.npmjs.org/inherits set size:undefined disposed:false
287 silly fetch manifest encodeurl@~1.0.2
288 silly packumentCache full:https://registry.npmjs.org/encodeurl cache-miss
289 http fetch GET 200 https://registry.npmjs.org/toidentifier 51ms (cache miss)
290 silly packumentCache full:https://registry.npmjs.org/toidentifier set size:undefined disposed:false
291 silly fetch manifest mime-types@~2.1.24
292 silly packumentCache full:https://registry.npmjs.org/mime-types cache-miss
293 http fetch GET 200 https://registry.npmjs.org/ms 24ms (cache hit)
294 silly packumentCache full:https://registry.npmjs.org/ms set size:84883 disposed:false
295 silly fetch manifest media-typer@0.3.0
296 silly packumentCache full:https://registry.npmjs.org/media-typer cache-miss
297 http fetch GET 200 https://registry.npmjs.org/forwarded 46ms (cache miss)
298 silly packumentCache full:https://registry.npmjs.org/forwarded set size:undefined disposed:false
299 http fetch GET 200 https://registry.npmjs.org/encodeurl 9ms (cache hit)
300 silly packumentCache full:https://registry.npmjs.org/encodeurl set size:12296 disposed:false
301 http fetch GET 200 https://registry.npmjs.org/mime-types 8ms (cache hit)
302 silly packumentCache full:https://registry.npmjs.org/mime-types set size:136716 disposed:false
303 http fetch GET 200 https://registry.npmjs.org/side-channel 122ms (cache miss)
304 silly packumentCache full:https://registry.npmjs.org/side-channel set size:undefined disposed:false
305 http fetch GET 200 https://registry.npmjs.org/ipaddr.js 124ms (cache miss)
306 silly packumentCache full:https://registry.npmjs.org/ipaddr.js set size:undefined disposed:false
307 http fetch GET 200 https://registry.npmjs.org/media-typer 108ms (cache miss)
308 silly packumentCache full:https://registry.npmjs.org/media-typer set size:undefined disposed:false
309 http fetch GET 200 https://registry.npmjs.org/mime 119ms (cache miss)
310 silly packumentCache full:https://registry.npmjs.org/mime set size:undefined disposed:false
311 silly placeDep ROOT mime-types@2.1.35 OK for: accepts@1.3.8 want: ~2.1.34
312 silly placeDep ROOT negotiator@0.6.3 OK for: accepts@1.3.8 want: 0.6.3
313 silly fetch manifest mime-db@1.52.0
314 silly packumentCache full:https://registry.npmjs.org/mime-db cache-miss
315 http fetch GET 200 https://registry.npmjs.org/mime-db 36ms (cache miss)
316 silly packumentCache full:https://registry.npmjs.org/mime-db set size:undefined disposed:false
317 silly placeDep ROOT bytes@3.1.2 OK for: body-parser@1.20.3 want: 3.1.2
318 silly placeDep ROOT destroy@1.2.0 OK for: body-parser@1.20.3 want: 1.2.0
319 silly placeDep ROOT iconv-lite@0.4.24 OK for: body-parser@1.20.3 want: 0.4.24
320 silly placeDep ROOT raw-body@2.5.2 OK for: body-parser@1.20.3 want: 2.5.2
321 silly placeDep ROOT unpipe@1.0.0 OK for: body-parser@1.20.3 want: 1.0.0
322 silly fetch manifest safer-buffer@>= 2.1.2 < 3
323 silly packumentCache full:https://registry.npmjs.org/safer-buffer cache-miss
324 http fetch GET 200 https://registry.npmjs.org/safer-buffer 36ms (cache miss)
325 silly packumentCache full:https://registry.npmjs.org/safer-buffer set size:undefined disposed:false
326 silly placeDep ROOT ms@2.0.0 OK for: debug@2.6.9 want: 2.0.0
327 silly placeDep ROOT inherits@2.0.4 OK for: http-errors@2.0.0 want: 2.0.4
328 silly placeDep ROOT toidentifier@1.0.1 OK for: http-errors@2.0.0 want: 1.0.1
329 silly placeDep ROOT safer-buffer@2.1.2 OK for: iconv-lite@0.4.24 want: >= 2.1.2 < 3
330 silly placeDep ROOT mime-db@1.52.0 OK for: mime-types@2.1.35 want: 1.52.0
331 silly placeDep ROOT append-field@1.0.0 OK for: multer@1.4.5-lts.2 want: ^1.0.0
332 silly placeDep ROOT busboy@1.6.0 OK for: multer@1.4.5-lts.2 want: ^1.0.0
333 silly placeDep ROOT concat-stream@1.6.2 OK for: multer@1.4.5-lts.2 want: ^1.5.2
334 silly placeDep ROOT mkdirp@0.5.6 OK for: multer@1.4.5-lts.2 want: ^0.5.4
335 silly placeDep ROOT xtend@4.0.2 OK for: multer@1.4.5-lts.2 want: ^4.0.0
336 silly fetch manifest streamsearch@^1.1.0
337 silly packumentCache full:https://registry.npmjs.org/streamsearch cache-miss
338 silly fetch manifest buffer-from@^1.0.0
339 silly packumentCache full:https://registry.npmjs.org/buffer-from cache-miss
340 silly fetch manifest readable-stream@^2.2.2
341 silly packumentCache full:https://registry.npmjs.org/readable-stream cache-miss
342 silly fetch manifest typedarray@^0.0.6
343 silly packumentCache full:https://registry.npmjs.org/typedarray cache-miss
344 silly fetch manifest minimist@^1.2.6
345 silly packumentCache full:https://registry.npmjs.org/minimist cache-miss
346 http fetch GET 200 https://registry.npmjs.org/buffer-from 43ms (cache miss)
347 silly packumentCache full:https://registry.npmjs.org/buffer-from set size:undefined disposed:false
348 http fetch GET 200 https://registry.npmjs.org/streamsearch 44ms (cache miss)
349 silly packumentCache full:https://registry.npmjs.org/streamsearch set size:undefined disposed:false
350 http fetch GET 200 https://registry.npmjs.org/minimist 44ms (cache miss)
351 silly packumentCache full:https://registry.npmjs.org/minimist set size:undefined disposed:false
352 http fetch GET 200 https://registry.npmjs.org/typedarray 47ms (cache miss)
353 silly packumentCache full:https://registry.npmjs.org/typedarray set size:undefined disposed:false
354 http fetch GET 200 https://registry.npmjs.org/readable-stream 48ms (cache miss)
355 silly packumentCache full:https://registry.npmjs.org/readable-stream set size:undefined disposed:false
356 silly placeDep ROOT streamsearch@1.1.0 OK for: busboy@1.6.0 want: ^1.1.0
357 silly placeDep ROOT buffer-from@1.1.2 OK for: concat-stream@1.6.2 want: ^1.0.0
358 silly placeDep ROOT readable-stream@2.3.8 OK for: concat-stream@1.6.2 want: ^2.2.2
359 silly placeDep ROOT typedarray@0.0.6 OK for: concat-stream@1.6.2 want: ^0.0.6
360 silly fetch manifest isarray@~1.0.0
361 silly packumentCache full:https://registry.npmjs.org/isarray cache-miss
362 silly fetch manifest safe-buffer@~5.1.1
363 silly packumentCache full:https://registry.npmjs.org/safe-buffer cache-miss
364 silly fetch manifest core-util-is@~1.0.0
365 silly packumentCache full:https://registry.npmjs.org/core-util-is cache-miss
366 silly fetch manifest string_decoder@~1.1.1
367 silly packumentCache full:https://registry.npmjs.org/string_decoder cache-miss
368 silly fetch manifest util-deprecate@~1.0.1
369 silly packumentCache full:https://registry.npmjs.org/util-deprecate cache-miss
370 silly fetch manifest process-nextick-args@~2.0.0
371 silly packumentCache full:https://registry.npmjs.org/process-nextick-args cache-miss
372 http fetch GET 200 https://registry.npmjs.org/safe-buffer 6ms (cache hit)
373 silly packumentCache full:https://registry.npmjs.org/safe-buffer set size:41183 disposed:false
374 http fetch GET 200 https://registry.npmjs.org/util-deprecate 37ms (cache miss)
375 silly packumentCache full:https://registry.npmjs.org/util-deprecate set size:undefined disposed:false
376 http fetch GET 200 https://registry.npmjs.org/core-util-is 37ms (cache miss)
377 silly packumentCache full:https://registry.npmjs.org/core-util-is set size:undefined disposed:false
378 http fetch GET 200 https://registry.npmjs.org/process-nextick-args 38ms (cache miss)
379 silly packumentCache full:https://registry.npmjs.org/process-nextick-args set size:undefined disposed:false
380 http fetch GET 200 https://registry.npmjs.org/string_decoder 40ms (cache miss)
381 silly packumentCache full:https://registry.npmjs.org/string_decoder set size:undefined disposed:false
382 http fetch GET 200 https://registry.npmjs.org/isarray 44ms (cache miss)
383 silly packumentCache full:https://registry.npmjs.org/isarray set size:undefined disposed:false
384 silly placeDep ROOT minimist@1.2.8 OK for: mkdirp@0.5.6 want: ^1.2.6
385 silly placeDep ROOT ee-first@1.1.1 OK for: on-finished@2.4.1 want: 1.1.1
386 silly placeDep ROOT forwarded@0.2.0 OK for: proxy-addr@2.0.7 want: 0.2.0
387 silly placeDep ROOT ipaddr.js@1.9.1 OK for: proxy-addr@2.0.7 want: 1.9.1
388 silly placeDep ROOT side-channel@1.1.0 OK for: qs@6.13.0 want: ^1.0.6
389 silly fetch manifest es-errors@^1.3.0
390 silly packumentCache full:https://registry.npmjs.org/es-errors cache-miss
391 silly fetch manifest object-inspect@^1.13.3
392 silly packumentCache full:https://registry.npmjs.org/object-inspect cache-miss
393 silly fetch manifest side-channel-list@^1.0.0
394 silly packumentCache full:https://registry.npmjs.org/side-channel-list cache-miss
395 silly fetch manifest side-channel-map@^1.0.1
396 silly packumentCache full:https://registry.npmjs.org/side-channel-map cache-miss
397 silly fetch manifest side-channel-weakmap@^1.0.2
398 silly packumentCache full:https://registry.npmjs.org/side-channel-weakmap cache-miss
399 http fetch GET 200 https://registry.npmjs.org/side-channel-list 54ms (cache miss)
400 silly packumentCache full:https://registry.npmjs.org/side-channel-list set size:undefined disposed:false
401 http fetch GET 200 https://registry.npmjs.org/es-errors 55ms (cache miss)
402 silly packumentCache full:https://registry.npmjs.org/es-errors set size:undefined disposed:false
403 http fetch GET 200 https://registry.npmjs.org/side-channel-map 56ms (cache miss)
404 silly packumentCache full:https://registry.npmjs.org/side-channel-map set size:undefined disposed:false
405 http fetch GET 200 https://registry.npmjs.org/side-channel-weakmap 56ms (cache miss)
406 silly packumentCache full:https://registry.npmjs.org/side-channel-weakmap set size:undefined disposed:false
407 http fetch GET 200 https://registry.npmjs.org/object-inspect 58ms (cache miss)
408 silly packumentCache full:https://registry.npmjs.org/object-inspect set size:undefined disposed:false
409 silly placeDep ROOT core-util-is@1.0.3 OK for: readable-stream@2.3.8 want: ~1.0.0
410 silly placeDep ROOT isarray@1.0.0 OK for: readable-stream@2.3.8 want: ~1.0.0
411 silly placeDep ROOT process-nextick-args@2.0.1 OK for: readable-stream@2.3.8 want: ~2.0.0
412 silly placeDep node_modules/readable-stream safe-buffer@5.1.2 OK for: readable-stream@2.3.8 want: ~5.1.1
413 silly placeDep ROOT string_decoder@1.1.1 OK for: readable-stream@2.3.8 want: ~1.1.1
414 silly placeDep ROOT util-deprecate@1.0.2 OK for: readable-stream@2.3.8 want: ~1.0.1
415 silly fetch manifest safe-buffer@~5.1.0
416 silly packumentCache full:https://registry.npmjs.org/safe-buffer cache-hit
417 silly placeDep node_modules/send encodeurl@1.0.2 OK for: send@0.19.0 want: ~1.0.2
418 silly placeDep ROOT mime@1.6.0 OK for: send@0.19.0 want: 1.6.0
419 silly placeDep node_modules/send ms@2.1.3 OK for: send@0.19.0 want: 2.1.3
420 silly placeDep ROOT es-errors@1.3.0 OK for: side-channel@1.1.0 want: ^1.3.0
421 silly placeDep ROOT object-inspect@1.13.4 OK for: side-channel@1.1.0 want: ^1.13.3
422 silly placeDep ROOT side-channel-list@1.0.0 OK for: side-channel@1.1.0 want: ^1.0.0
423 silly placeDep ROOT side-channel-map@1.0.1 OK for: side-channel@1.1.0 want: ^1.0.1
424 silly placeDep ROOT side-channel-weakmap@1.0.2 OK for: side-channel@1.1.0 want: ^1.0.2
425 silly fetch manifest call-bound@^1.0.2
426 silly packumentCache full:https://registry.npmjs.org/call-bound cache-miss
427 silly fetch manifest get-intrinsic@^1.2.5
428 silly packumentCache full:https://registry.npmjs.org/get-intrinsic cache-miss
429 silly fetch manifest call-bound@^1.0.2
430 silly packumentCache full:https://registry.npmjs.org/call-bound cache-miss
431 silly fetch manifest get-intrinsic@^1.2.5
432 silly packumentCache full:https://registry.npmjs.org/get-intrinsic cache-miss
433 http fetch GET 200 https://registry.npmjs.org/call-bound 35ms (cache miss)
434 silly packumentCache full:https://registry.npmjs.org/call-bound set size:undefined disposed:false
435 http fetch GET 200 https://registry.npmjs.org/call-bound 36ms (cache miss)
436 silly packumentCache full:https://registry.npmjs.org/call-bound set size:undefined disposed:false
437 http fetch GET 200 https://registry.npmjs.org/get-intrinsic 39ms (cache miss)
438 silly packumentCache full:https://registry.npmjs.org/get-intrinsic set size:undefined disposed:false
439 http fetch GET 200 https://registry.npmjs.org/get-intrinsic 40ms (cache miss)
440 silly packumentCache full:https://registry.npmjs.org/get-intrinsic set size:undefined disposed:false
441 silly placeDep ROOT call-bound@1.0.4 OK for: side-channel-map@1.0.1 want: ^1.0.2
442 silly placeDep ROOT get-intrinsic@1.3.0 OK for: side-channel-map@1.0.1 want: ^1.2.5
443 silly fetch manifest call-bind-apply-helpers@^1.0.2
444 silly packumentCache full:https://registry.npmjs.org/call-bind-apply-helpers cache-miss
445 silly fetch manifest get-intrinsic@^1.3.0
446 silly packumentCache full:https://registry.npmjs.org/get-intrinsic cache-miss
447 silly fetch manifest call-bind-apply-helpers@^1.0.2
448 silly packumentCache full:https://registry.npmjs.org/call-bind-apply-helpers cache-miss
449 silly fetch manifest es-define-property@^1.0.1
450 silly packumentCache full:https://registry.npmjs.org/es-define-property cache-miss
451 silly fetch manifest es-object-atoms@^1.1.1
452 silly packumentCache full:https://registry.npmjs.org/es-object-atoms cache-miss
453 silly fetch manifest function-bind@^1.1.2
454 silly packumentCache full:https://registry.npmjs.org/function-bind cache-miss
455 silly fetch manifest get-proto@^1.0.1
456 silly packumentCache full:https://registry.npmjs.org/get-proto cache-miss
457 http fetch GET 200 https://registry.npmjs.org/get-intrinsic 8ms (cache hit)
458 silly packumentCache full:https://registry.npmjs.org/get-intrinsic set size:57687 disposed:false
459 silly fetch manifest gopd@^1.2.0
460 silly packumentCache full:https://registry.npmjs.org/gopd cache-miss
461 http fetch GET 200 https://registry.npmjs.org/call-bind-apply-helpers 28ms (cache miss)
462 silly packumentCache full:https://registry.npmjs.org/call-bind-apply-helpers set size:undefined disposed:false
463 silly fetch manifest has-symbols@^1.1.0
464 silly packumentCache full:https://registry.npmjs.org/has-symbols cache-miss
465 http fetch GET 200 https://registry.npmjs.org/function-bind 36ms (cache miss)
466 silly packumentCache full:https://registry.npmjs.org/function-bind set size:undefined disposed:false
467 silly fetch manifest hasown@^2.0.2
468 silly packumentCache full:https://registry.npmjs.org/hasown cache-miss
469 http fetch GET 200 https://registry.npmjs.org/get-proto 39ms (cache miss)
470 silly packumentCache full:https://registry.npmjs.org/get-proto set size:undefined disposed:false
471 silly fetch manifest math-intrinsics@^1.1.0
472 silly packumentCache full:https://registry.npmjs.org/math-intrinsics cache-miss
473 http fetch GET 200 https://registry.npmjs.org/call-bind-apply-helpers 42ms (cache miss)
474 silly packumentCache full:https://registry.npmjs.org/call-bind-apply-helpers set size:undefined disposed:false
475 http fetch GET 200 https://registry.npmjs.org/gopd 34ms (cache miss)
476 silly packumentCache full:https://registry.npmjs.org/gopd set size:undefined disposed:false
477 http fetch GET 200 https://registry.npmjs.org/has-symbols 32ms (cache miss)
478 silly packumentCache full:https://registry.npmjs.org/has-symbols set size:undefined disposed:false
479 http fetch GET 200 https://registry.npmjs.org/math-intrinsics 27ms (cache miss)
480 silly packumentCache full:https://registry.npmjs.org/math-intrinsics set size:undefined disposed:false
481 http fetch GET 200 https://registry.npmjs.org/hasown 34ms (cache miss)
482 silly packumentCache full:https://registry.npmjs.org/hasown set size:undefined disposed:false
483 http fetch GET 200 https://registry.npmjs.org/es-object-atoms 179ms (cache miss)
484 silly packumentCache full:https://registry.npmjs.org/es-object-atoms set size:undefined disposed:false
485 http fetch GET 200 https://registry.npmjs.org/es-define-property 182ms (cache miss)
486 silly packumentCache full:https://registry.npmjs.org/es-define-property set size:undefined disposed:false
487 silly placeDep ROOT call-bind-apply-helpers@1.0.2 OK for: call-bound@1.0.4 want: ^1.0.2
488 silly placeDep ROOT function-bind@1.1.2 OK for: call-bind-apply-helpers@1.0.2 want: ^1.1.2
489 silly placeDep ROOT es-define-property@1.0.1 OK for: get-intrinsic@1.3.0 want: ^1.0.1
490 silly placeDep ROOT es-object-atoms@1.1.1 OK for: get-intrinsic@1.3.0 want: ^1.1.1
491 silly placeDep ROOT get-proto@1.0.1 OK for: get-intrinsic@1.3.0 want: ^1.0.1
492 silly placeDep ROOT gopd@1.2.0 OK for: get-intrinsic@1.3.0 want: ^1.2.0
493 silly placeDep ROOT has-symbols@1.1.0 OK for: get-intrinsic@1.3.0 want: ^1.1.0
494 silly placeDep ROOT hasown@2.0.2 OK for: get-intrinsic@1.3.0 want: ^2.0.2
495 silly placeDep ROOT math-intrinsics@1.1.0 OK for: get-intrinsic@1.3.0 want: ^1.1.0
496 silly fetch manifest dunder-proto@^1.0.1
497 silly packumentCache full:https://registry.npmjs.org/dunder-proto cache-miss
498 http fetch GET 200 https://registry.npmjs.org/dunder-proto 29ms (cache miss)
499 silly packumentCache full:https://registry.npmjs.org/dunder-proto set size:undefined disposed:false
500 silly placeDep ROOT dunder-proto@1.0.1 OK for: get-proto@1.0.1 want: ^1.0.1
501 silly placeDep node_modules/string_decoder safe-buffer@5.1.2 OK for: string_decoder@1.1.1 want: ~5.1.0
502 silly placeDep ROOT media-typer@0.3.0 OK for: type-is@1.6.18 want: 0.3.0
503 silly reify moves {}
504 silly tarball no local data for media-typer@https://registry.npmjs.org/media-typer/-/media-typer-0.3.0.tgz. Extracting by manifest.
505 silly tarball no local data for dunder-proto@https://registry.npmjs.org/dunder-proto/-/dunder-proto-1.0.1.tgz. Extracting by manifest.
506 silly tarball no local data for hasown@https://registry.npmjs.org/hasown/-/hasown-2.0.2.tgz. Extracting by manifest.
507 silly tarball no local data for gopd@https://registry.npmjs.org/gopd/-/gopd-1.2.0.tgz. Extracting by manifest.
508 silly tarball no local data for has-symbols@https://registry.npmjs.org/has-symbols/-/has-symbols-1.1.0.tgz. Extracting by manifest.
509 silly tarball no local data for get-proto@https://registry.npmjs.org/get-proto/-/get-proto-1.0.1.tgz. Extracting by manifest.
510 silly tarball no local data for es-object-atoms@https://registry.npmjs.org/es-object-atoms/-/es-object-atoms-1.1.1.tgz. Extracting by manifest.
511 silly tarball no local data for es-define-property@https://registry.npmjs.org/es-define-property/-/es-define-property-1.0.1.tgz. Extracting by manifest.
512 silly tarball no local data for math-intrinsics@https://registry.npmjs.org/math-intrinsics/-/math-intrinsics-1.1.0.tgz. Extracting by manifest.
513 silly tarball no local data for call-bind-apply-helpers@https://registry.npmjs.org/call-bind-apply-helpers/-/call-bind-apply-helpers-1.0.2.tgz. Extracting by manifest.
514 silly tarball no local data for get-intrinsic@https://registry.npmjs.org/get-intrinsic/-/get-intrinsic-1.3.0.tgz. Extracting by manifest.
515 silly tarball no local data for call-bound@https://registry.npmjs.org/call-bound/-/call-bound-1.0.4.tgz. Extracting by manifest.
516 silly tarball no local data for side-channel-map@https://registry.npmjs.org/side-channel-map/-/side-channel-map-1.0.1.tgz. Extracting by manifest.
517 silly tarball no local data for side-channel-list@https://registry.npmjs.org/side-channel-list/-/side-channel-list-1.0.0.tgz. Extracting by manifest.
518 silly tarball no local data for side-channel-weakmap@https://registry.npmjs.org/side-channel-weakmap/-/side-channel-weakmap-1.0.2.tgz. Extracting by manifest.
519 silly tarball no local data for object-inspect@https://registry.npmjs.org/object-inspect/-/object-inspect-1.13.4.tgz. Extracting by manifest.
520 silly tarball no local data for util-deprecate@https://registry.npmjs.org/util-deprecate/-/util-deprecate-1.0.2.tgz. Extracting by manifest.
521 silly tarball no local data for es-errors@https://registry.npmjs.org/es-errors/-/es-errors-1.3.0.tgz. Extracting by manifest.
522 silly tarball no local data for mime@https://registry.npmjs.org/mime/-/mime-1.6.0.tgz. Extracting by manifest.
523 silly tarball no local data for string_decoder@https://registry.npmjs.org/string_decoder/-/string_decoder-1.1.1.tgz. Extracting by manifest.
524 silly tarball no local data for core-util-is@https://registry.npmjs.org/core-util-is/-/core-util-is-1.0.3.tgz. Extracting by manifest.
525 silly tarball no local data for function-bind@https://registry.npmjs.org/function-bind/-/function-bind-1.1.2.tgz. Extracting by manifest.
526 silly tarball no local data for isarray@https://registry.npmjs.org/isarray/-/isarray-1.0.0.tgz. Extracting by manifest.
527 silly tarball no local data for side-channel@https://registry.npmjs.org/side-channel/-/side-channel-1.1.0.tgz. Extracting by manifest.
528 silly tarball no local data for ee-first@https://registry.npmjs.org/ee-first/-/ee-first-1.1.1.tgz. Extracting by manifest.
529 silly tarball no local data for forwarded@https://registry.npmjs.org/forwarded/-/forwarded-0.2.0.tgz. Extracting by manifest.
530 silly tarball no local data for minimist@https://registry.npmjs.org/minimist/-/minimist-1.2.8.tgz. Extracting by manifest.
531 silly tarball no local data for typedarray@https://registry.npmjs.org/typedarray/-/typedarray-0.0.6.tgz. Extracting by manifest.
532 silly tarball no local data for buffer-from@https://registry.npmjs.org/buffer-from/-/buffer-from-1.1.2.tgz. Extracting by manifest.
533 silly tarball no local data for streamsearch@https://registry.npmjs.org/streamsearch/-/streamsearch-1.1.0.tgz. Extracting by manifest.
534 silly tarball no local data for xtend@https://registry.npmjs.org/xtend/-/xtend-4.0.2.tgz. Extracting by manifest.
535 silly tarball no local data for readable-stream@https://registry.npmjs.org/readable-stream/-/readable-stream-2.3.8.tgz. Extracting by manifest.
536 silly tarball no local data for mkdirp@https://registry.npmjs.org/mkdirp/-/mkdirp-0.5.6.tgz. Extracting by manifest.
537 silly tarball no local data for process-nextick-args@https://registry.npmjs.org/process-nextick-args/-/process-nextick-args-2.0.1.tgz. Extracting by manifest.
538 silly tarball no local data for ipaddr.js@https://registry.npmjs.org/ipaddr.js/-/ipaddr.js-1.9.1.tgz. Extracting by manifest.
539 silly tarball no local data for concat-stream@https://registry.npmjs.org/concat-stream/-/concat-stream-1.6.2.tgz. Extracting by manifest.
540 silly tarball no local data for busboy@https://registry.npmjs.org/busboy/-/busboy-1.6.0.tgz. Extracting by manifest.
541 silly tarball no local data for safer-buffer@https://registry.npmjs.org/safer-buffer/-/safer-buffer-2.1.2.tgz. Extracting by manifest.
542 silly tarball no local data for mime-db@https://registry.npmjs.org/mime-db/-/mime-db-1.52.0.tgz. Extracting by manifest.
543 silly tarball no local data for toidentifier@https://registry.npmjs.org/toidentifier/-/toidentifier-1.0.1.tgz. Extracting by manifest.
544 silly tarball no local data for append-field@https://registry.npmjs.org/append-field/-/append-field-1.0.0.tgz. Extracting by manifest.
545 silly tarball no local data for inherits@https://registry.npmjs.org/inherits/-/inherits-2.0.4.tgz. Extracting by manifest.
546 silly tarball no local data for unpipe@https://registry.npmjs.org/unpipe/-/unpipe-1.0.0.tgz. Extracting by manifest.
547 silly tarball no local data for ms@https://registry.npmjs.org/ms/-/ms-2.0.0.tgz. Extracting by manifest.
548 silly tarball no local data for raw-body@https://registry.npmjs.org/raw-body/-/raw-body-2.5.2.tgz. Extracting by manifest.
549 silly tarball no local data for iconv-lite@https://registry.npmjs.org/iconv-lite/-/iconv-lite-0.4.24.tgz. Extracting by manifest.
550 silly tarball no local data for destroy@https://registry.npmjs.org/destroy/-/destroy-1.2.0.tgz. Extracting by manifest.
551 silly tarball no local data for bytes@https://registry.npmjs.org/bytes/-/bytes-3.1.2.tgz. Extracting by manifest.
552 silly tarball no local data for negotiator@https://registry.npmjs.org/negotiator/-/negotiator-0.6.3.tgz. Extracting by manifest.
553 silly tarball no local data for mime-types@https://registry.npmjs.org/mime-types/-/mime-types-2.1.35.tgz. Extracting by manifest.
554 silly tarball no local data for utils-merge@https://registry.npmjs.org/utils-merge/-/utils-merge-1.0.1.tgz. Extracting by manifest.
555 silly tarball no local data for type-is@https://registry.npmjs.org/type-is/-/type-is-1.6.18.tgz. Extracting by manifest.
556 silly tarball no local data for statuses@https://registry.npmjs.org/statuses/-/statuses-2.0.1.tgz. Extracting by manifest.
557 silly tarball no local data for serve-static@https://registry.npmjs.org/serve-static/-/serve-static-1.16.2.tgz. Extracting by manifest.
558 silly tarball no local data for setprototypeof@https://registry.npmjs.org/setprototypeof/-/setprototypeof-1.2.0.tgz. Extracting by manifest.
559 silly tarball no local data for safe-buffer@https://registry.npmjs.org/safe-buffer/-/safe-buffer-5.2.1.tgz. Extracting by manifest.
560 silly tarball no local data for range-parser@https://registry.npmjs.org/range-parser/-/range-parser-1.2.1.tgz. Extracting by manifest.
561 silly tarball no local data for path-to-regexp@https://registry.npmjs.org/path-to-regexp/-/path-to-regexp-0.1.12.tgz. Extracting by manifest.
562 silly tarball no local data for qs@https://registry.npmjs.org/qs/-/qs-6.13.0.tgz. Extracting by manifest.
563 silly tarball no local data for parseurl@https://registry.npmjs.org/parseurl/-/parseurl-1.3.3.tgz. Extracting by manifest.
564 silly tarball no local data for on-finished@https://registry.npmjs.org/on-finished/-/on-finished-2.4.1.tgz. Extracting by manifest.
565 silly tarball no local data for methods@https://registry.npmjs.org/methods/-/methods-1.1.2.tgz. Extracting by manifest.
566 silly tarball no local data for merge-descriptors@https://registry.npmjs.org/merge-descriptors/-/merge-descriptors-1.0.3.tgz. Extracting by manifest.
567 silly tarball no local data for http-errors@https://registry.npmjs.org/http-errors/-/http-errors-2.0.0.tgz. Extracting by manifest.
568 silly tarball no local data for fresh@https://registry.npmjs.org/fresh/-/fresh-0.5.2.tgz. Extracting by manifest.
569 silly tarball no local data for finalhandler@https://registry.npmjs.org/finalhandler/-/finalhandler-1.3.1.tgz. Extracting by manifest.
570 silly tarball no local data for etag@https://registry.npmjs.org/etag/-/etag-1.8.1.tgz. Extracting by manifest.
571 silly tarball no local data for escape-html@https://registry.npmjs.org/escape-html/-/escape-html-1.0.3.tgz. Extracting by manifest.
572 silly tarball no local data for encodeurl@https://registry.npmjs.org/encodeurl/-/encodeurl-2.0.0.tgz. Extracting by manifest.
573 silly tarball no local data for send@https://registry.npmjs.org/send/-/send-0.19.0.tgz. Extracting by manifest.
574 silly tarball no local data for proxy-addr@https://registry.npmjs.org/proxy-addr/-/proxy-addr-2.0.7.tgz. Extracting by manifest.
575 silly tarball no local data for depd@https://registry.npmjs.org/depd/-/depd-2.0.0.tgz. Extracting by manifest.
576 silly tarball no local data for cookie-signature@https://registry.npmjs.org/cookie-signature/-/cookie-signature-1.0.6.tgz. Extracting by manifest.
577 silly tarball no local data for debug@https://registry.npmjs.org/debug/-/debug-2.6.9.tgz. Extracting by manifest.
578 silly tarball no local data for content-type@https://registry.npmjs.org/content-type/-/content-type-1.0.5.tgz. Extracting by manifest.
579 silly tarball no local data for content-disposition@https://registry.npmjs.org/content-disposition/-/content-disposition-0.5.4.tgz. Extracting by manifest.
580 silly tarball no local data for cookie@https://registry.npmjs.org/cookie/-/cookie-0.7.1.tgz. Extracting by manifest.
581 silly tarball no local data for body-parser@https://registry.npmjs.org/body-parser/-/body-parser-1.20.3.tgz. Extracting by manifest.
582 silly tarball no local data for accepts@https://registry.npmjs.org/accepts/-/accepts-1.3.8.tgz. Extracting by manifest.
583 silly tarball no local data for object-assign@https://registry.npmjs.org/object-assign/-/object-assign-4.1.1.tgz. Extracting by manifest.
584 silly tarball no local data for uuid@https://registry.npmjs.org/uuid/-/uuid-9.0.1.tgz. Extracting by manifest.
585 silly tarball no local data for express@https://registry.npmjs.org/express/-/express-4.21.2.tgz. Extracting by manifest.
586 silly tarball no local data for multer@https://registry.npmjs.org/multer/-/multer-1.4.5-lts.2.tgz. Extracting by manifest.
587 silly tarball no local data for array-flatten@https://registry.npmjs.org/array-flatten/-/array-flatten-1.1.1.tgz. Extracting by manifest.
588 silly tarball no local data for vary@https://registry.npmjs.org/vary/-/vary-1.1.2.tgz. Extracting by manifest.
589 silly tarball no local data for cors@https://registry.npmjs.org/cors/-/cors-2.8.5.tgz. Extracting by manifest.
590 silly tarball no local data for ms@https://registry.npmjs.org/ms/-/ms-2.1.3.tgz. Extracting by manifest.
591 silly tarball no local data for encodeurl@https://registry.npmjs.org/encodeurl/-/encodeurl-1.0.2.tgz. Extracting by manifest.
592 silly tarball no local data for safe-buffer@https://registry.npmjs.org/safe-buffer/-/safe-buffer-5.1.2.tgz. Extracting by manifest.
593 silly tarball no local data for safe-buffer@https://registry.npmjs.org/safe-buffer/-/safe-buffer-5.1.2.tgz. Extracting by manifest.
594 http fetch GET 200 https://registry.npmjs.org/has-symbols/-/has-symbols-1.1.0.tgz 422ms (cache miss)
595 http fetch GET 200 https://registry.npmjs.org/media-typer/-/media-typer-0.3.0.tgz 479ms (cache miss)
596 http fetch GET 200 https://registry.npmjs.org/get-proto/-/get-proto-1.0.1.tgz 479ms (cache miss)
597 http fetch GET 200 https://registry.npmjs.org/es-object-atoms/-/es-object-atoms-1.1.1.tgz 479ms (cache miss)
598 http fetch GET 200 https://registry.npmjs.org/string_decoder/-/string_decoder-1.1.1.tgz 493ms (cache miss)
599 http fetch GET 200 https://registry.npmjs.org/dunder-proto/-/dunder-proto-1.0.1.tgz 506ms (cache miss)
600 http fetch GET 200 https://registry.npmjs.org/hasown/-/hasown-2.0.2.tgz 533ms (cache miss)
601 http fetch GET 200 https://registry.npmjs.org/util-deprecate/-/util-deprecate-1.0.2.tgz 525ms (cache miss)
602 http fetch GET 200 https://registry.npmjs.org/gopd/-/gopd-1.2.0.tgz 533ms (cache miss)
603 http fetch GET 200 https://registry.npmjs.org/core-util-is/-/core-util-is-1.0.3.tgz 544ms (cache miss)
604 http fetch GET 200 https://registry.npmjs.org/es-errors/-/es-errors-1.3.0.tgz 545ms (cache miss)
605 http fetch GET 200 https://registry.npmjs.org/mime/-/mime-1.6.0.tgz 561ms (cache miss)
606 http fetch GET 200 https://registry.npmjs.org/side-channel/-/side-channel-1.1.0.tgz 559ms (cache miss)
607 http fetch GET 200 https://registry.npmjs.org/isarray/-/isarray-1.0.0.tgz 576ms (cache miss)
608 http fetch GET 200 https://registry.npmjs.org/ee-first/-/ee-first-1.1.1.tgz 576ms (cache miss)
609 http fetch GET 200 https://registry.npmjs.org/forwarded/-/forwarded-0.2.0.tgz 576ms (cache miss)
610 http fetch GET 200 https://registry.npmjs.org/typedarray/-/typedarray-0.0.6.tgz 576ms (cache miss)
611 http fetch GET 200 https://registry.npmjs.org/toidentifier/-/toidentifier-1.0.1.tgz 572ms (cache miss)
612 http fetch GET 200 https://registry.npmjs.org/mkdirp/-/mkdirp-0.5.6.tgz 588ms (cache miss)
613 http fetch GET 200 https://registry.npmjs.org/function-bind/-/function-bind-1.1.2.tgz 606ms (cache miss)
614 http fetch GET 200 https://registry.npmjs.org/buffer-from/-/buffer-from-1.1.2.tgz 616ms (cache miss)
615 http fetch GET 200 https://registry.npmjs.org/minimist/-/minimist-1.2.8.tgz 618ms (cache miss)
616 http fetch GET 200 https://registry.npmjs.org/concat-stream/-/concat-stream-1.6.2.tgz 614ms (cache miss)
617 http fetch GET 200 https://registry.npmjs.org/es-define-property/-/es-define-property-1.0.1.tgz 639ms (cache miss)
618 http fetch GET 200 https://registry.npmjs.org/process-nextick-args/-/process-nextick-args-2.0.1.tgz 628ms (cache miss)
619 http fetch GET 200 https://registry.npmjs.org/negotiator/-/negotiator-0.6.3.tgz 621ms (cache miss)
620 http fetch GET 200 https://registry.npmjs.org/type-is/-/type-is-1.6.18.tgz 619ms (cache miss)
621 http fetch GET 200 https://registry.npmjs.org/serve-static/-/serve-static-1.16.2.tgz 620ms (cache miss)
622 http fetch GET 200 https://registry.npmjs.org/xtend/-/xtend-4.0.2.tgz 639ms (cache miss)
623 http fetch GET 200 https://registry.npmjs.org/unpipe/-/unpipe-1.0.0.tgz 633ms (cache miss)
624 http fetch GET 200 https://registry.npmjs.org/ms/-/ms-2.0.0.tgz 633ms (cache miss)
625 http fetch GET 200 https://registry.npmjs.org/destroy/-/destroy-1.2.0.tgz 632ms (cache miss)
626 http fetch GET 200 https://registry.npmjs.org/utils-merge/-/utils-merge-1.0.1.tgz 631ms (cache miss)
627 http fetch GET 200 https://registry.npmjs.org/path-to-regexp/-/path-to-regexp-0.1.12.tgz 629ms (cache miss)
628 http fetch GET 200 https://registry.npmjs.org/side-channel-weakmap/-/side-channel-weakmap-1.0.2.tgz 657ms (cache miss)
629 http fetch GET 200 https://registry.npmjs.org/inherits/-/inherits-2.0.4.tgz 644ms (cache miss)
630 http fetch GET 200 https://registry.npmjs.org/setprototypeof/-/setprototypeof-1.2.0.tgz 637ms (cache miss)
631 http fetch GET 200 https://registry.npmjs.org/side-channel-map/-/side-channel-map-1.0.1.tgz 666ms (cache miss)
632 http fetch GET 200 https://registry.npmjs.org/append-field/-/append-field-1.0.0.tgz 652ms (cache miss)
633 http fetch GET 200 https://registry.npmjs.org/range-parser/-/range-parser-1.2.1.tgz 645ms (cache miss)
634 http fetch GET 200 https://registry.npmjs.org/side-channel-list/-/side-channel-list-1.0.0.tgz 673ms (cache miss)
635 http fetch GET 200 https://registry.npmjs.org/mime-db/-/mime-db-1.52.0.tgz 661ms (cache miss)
636 http fetch GET 200 https://registry.npmjs.org/statuses/-/statuses-2.0.1.tgz 658ms (cache miss)
637 http fetch GET 200 https://registry.npmjs.org/bytes/-/bytes-3.1.2.tgz 660ms (cache miss)
638 http fetch GET 200 https://registry.npmjs.org/encodeurl/-/encodeurl-2.0.0.tgz 655ms (cache miss)
639 http fetch GET 200 https://registry.npmjs.org/streamsearch/-/streamsearch-1.1.0.tgz 675ms (cache miss)
640 http fetch GET 200 https://registry.npmjs.org/mime-types/-/mime-types-2.1.35.tgz 664ms (cache miss)
641 http fetch GET 200 https://registry.npmjs.org/parseurl/-/parseurl-1.3.3.tgz 662ms (cache miss)
642 http fetch GET 200 https://registry.npmjs.org/on-finished/-/on-finished-2.4.1.tgz 662ms (cache miss)
643 http fetch GET 200 https://registry.npmjs.org/cookie-signature/-/cookie-signature-1.0.6.tgz 660ms (cache miss)
644 http fetch GET 200 https://registry.npmjs.org/ipaddr.js/-/ipaddr.js-1.9.1.tgz 681ms (cache miss)
645 http fetch GET 200 https://registry.npmjs.org/methods/-/methods-1.1.2.tgz 672ms (cache miss)
646 http fetch GET 200 https://registry.npmjs.org/fresh/-/fresh-0.5.2.tgz 672ms (cache miss)
647 http fetch GET 200 https://registry.npmjs.org/finalhandler/-/finalhandler-1.3.1.tgz 673ms (cache miss)
648 http fetch GET 200 https://registry.npmjs.org/escape-html/-/escape-html-1.0.3.tgz 672ms (cache miss)
649 http fetch GET 200 https://registry.npmjs.org/content-type/-/content-type-1.0.5.tgz 670ms (cache miss)
650 http fetch GET 200 https://registry.npmjs.org/accepts/-/accepts-1.3.8.tgz 668ms (cache miss)
651 http fetch GET 200 https://registry.npmjs.org/cookie/-/cookie-0.7.1.tgz 669ms (cache miss)
652 http fetch GET 200 https://registry.npmjs.org/safer-buffer/-/safer-buffer-2.1.2.tgz 689ms (cache miss)
653 http fetch GET 200 https://registry.npmjs.org/send/-/send-0.19.0.tgz 675ms (cache miss)
654 http fetch GET 200 https://registry.npmjs.org/depd/-/depd-2.0.0.tgz 676ms (cache miss)
655 http fetch GET 200 https://registry.npmjs.org/cors/-/cors-2.8.5.tgz 666ms (cache miss)
656 http fetch GET 200 https://registry.npmjs.org/vary/-/vary-1.1.2.tgz 668ms (cache miss)
657 http fetch GET 200 https://registry.npmjs.org/multer/-/multer-1.4.5-lts.2.tgz 670ms (cache miss)
658 http fetch GET 200 https://registry.npmjs.org/ms/-/ms-2.1.3.tgz 667ms (cache miss)
659 http fetch GET 200 https://registry.npmjs.org/call-bind-apply-helpers/-/call-bind-apply-helpers-1.0.2.tgz 707ms (cache miss)
660 http fetch GET 200 https://registry.npmjs.org/call-bound/-/call-bound-1.0.4.tgz 705ms (cache miss)
661 http fetch GET 200 https://registry.npmjs.org/merge-descriptors/-/merge-descriptors-1.0.3.tgz 684ms (cache miss)
662 http fetch GET 200 https://registry.npmjs.org/array-flatten/-/array-flatten-1.1.1.tgz 675ms (cache miss)
663 http fetch GET 200 https://registry.npmjs.org/safe-buffer/-/safe-buffer-5.1.2.tgz 672ms (cache miss)
664 http fetch GET 200 https://registry.npmjs.org/http-errors/-/http-errors-2.0.0.tgz 687ms (cache miss)
665 http fetch GET 200 https://registry.npmjs.org/object-assign/-/object-assign-4.1.1.tgz 681ms (cache miss)
666 http fetch GET 200 https://registry.npmjs.org/encodeurl/-/encodeurl-1.0.2.tgz 676ms (cache miss)
667 http fetch GET 200 https://registry.npmjs.org/raw-body/-/raw-body-2.5.2.tgz 698ms (cache miss)
668 http fetch GET 200 https://registry.npmjs.org/etag/-/etag-1.8.1.tgz 690ms (cache miss)
669 http fetch GET 200 https://registry.npmjs.org/safe-buffer/-/safe-buffer-5.2.1.tgz 694ms (cache miss)
670 warn deprecated multer@1.4.5-lts.2: Multer 1.x is impacted by a number of vulnerabilities, which have been patched in 2.x. You should upgrade to the latest 2.x version.
671 http fetch GET 200 https://registry.npmjs.org/proxy-addr/-/proxy-addr-2.0.7.tgz 694ms (cache miss)
672 http fetch GET 200 https://registry.npmjs.org/content-disposition/-/content-disposition-0.5.4.tgz 692ms (cache miss)
673 http fetch GET 200 https://registry.npmjs.org/safe-buffer/-/safe-buffer-5.1.2.tgz 688ms (cache miss)
674 http fetch GET 200 https://registry.npmjs.org/get-intrinsic/-/get-intrinsic-1.3.0.tgz 729ms (cache miss)
675 http fetch GET 200 https://registry.npmjs.org/object-inspect/-/object-inspect-1.13.4.tgz 746ms (cache miss)
676 http fetch GET 200 https://registry.npmjs.org/math-intrinsics/-/math-intrinsics-1.1.0.tgz 758ms (cache miss)
677 http fetch GET 200 https://registry.npmjs.org/debug/-/debug-2.6.9.tgz 732ms (cache miss)
678 http fetch GET 200 https://registry.npmjs.org/body-parser/-/body-parser-1.20.3.tgz 739ms (cache miss)
679 http fetch GET 200 https://registry.npmjs.org/express/-/express-4.21.2.tgz 737ms (cache miss)
680 http fetch GET 200 https://registry.npmjs.org/busboy/-/busboy-1.6.0.tgz 770ms (cache miss)
681 http fetch GET 200 https://registry.npmjs.org/readable-stream/-/readable-stream-2.3.8.tgz 775ms (cache miss)
682 http fetch GET 200 https://registry.npmjs.org/iconv-lite/-/iconv-lite-0.4.24.tgz 768ms (cache miss)
683 http fetch GET 200 https://registry.npmjs.org/qs/-/qs-6.13.0.tgz 777ms (cache miss)
684 http fetch GET 200 https://registry.npmjs.org/uuid/-/uuid-9.0.1.tgz 782ms (cache miss)
685 silly ADD node_modules/media-typer
686 silly ADD node_modules/dunder-proto
687 silly ADD node_modules/math-intrinsics
688 silly ADD node_modules/hasown
689 silly ADD node_modules/has-symbols
690 silly ADD node_modules/gopd
691 silly ADD node_modules/get-proto
692 silly ADD node_modules/es-object-atoms
693 silly ADD node_modules/es-define-property
694 silly ADD node_modules/function-bind
695 silly ADD node_modules/call-bind-apply-helpers
696 silly ADD node_modules/get-intrinsic
697 silly ADD node_modules/call-bound
698 silly ADD node_modules/side-channel-weakmap
699 silly ADD node_modules/side-channel-map
700 silly ADD node_modules/side-channel-list
701 silly ADD node_modules/object-inspect
702 silly ADD node_modules/es-errors
703 silly ADD node_modules/mime
704 silly ADD node_modules/util-deprecate
705 silly ADD node_modules/string_decoder
706 silly ADD node_modules/string_decoder/node_modules/safe-buffer
707 silly ADD node_modules/process-nextick-args
708 silly ADD node_modules/isarray
709 silly ADD node_modules/core-util-is
710 silly ADD node_modules/side-channel
711 silly ADD node_modules/ipaddr.js
712 silly ADD node_modules/forwarded
713 silly ADD node_modules/ee-first
714 silly ADD node_modules/minimist
715 silly ADD node_modules/typedarray
716 silly ADD node_modules/readable-stream
717 silly ADD node_modules/readable-stream/node_modules/safe-buffer
718 silly ADD node_modules/buffer-from
719 silly ADD node_modules/streamsearch
720 silly ADD node_modules/xtend
721 silly ADD node_modules/mkdirp
722 silly ADD node_modules/concat-stream
723 silly ADD node_modules/busboy
724 silly ADD node_modules/append-field
725 silly ADD node_modules/mime-db
726 silly ADD node_modules/safer-buffer
727 silly ADD node_modules/toidentifier
728 silly ADD node_modules/inherits
729 silly ADD node_modules/ms
730 silly ADD node_modules/unpipe
731 silly ADD node_modules/raw-body
732 silly ADD node_modules/iconv-lite
733 silly ADD node_modules/destroy
734 silly ADD node_modules/bytes
735 silly ADD node_modules/negotiator
736 silly ADD node_modules/mime-types
737 silly ADD node_modules/utils-merge
738 silly ADD node_modules/type-is
739 silly ADD node_modules/statuses
740 silly ADD node_modules/setprototypeof
741 silly ADD node_modules/serve-static
742 silly ADD node_modules/send
743 silly ADD node_modules/send/node_modules/ms
744 silly ADD node_modules/send/node_modules/encodeurl
745 silly ADD node_modules/safe-buffer
746 silly ADD node_modules/range-parser
747 silly ADD node_modules/qs
748 silly ADD node_modules/proxy-addr
749 silly ADD node_modules/path-to-regexp
750 silly ADD node_modules/parseurl
751 silly ADD node_modules/on-finished
752 silly ADD node_modules/methods
753 silly ADD node_modules/merge-descriptors
754 silly ADD node_modules/http-errors
755 silly ADD node_modules/fresh
756 silly ADD node_modules/finalhandler
757 silly ADD node_modules/etag
758 silly ADD node_modules/escape-html
759 silly ADD node_modules/encodeurl
760 silly ADD node_modules/depd
761 silly ADD node_modules/debug
762 silly ADD node_modules/cookie-signature
763 silly ADD node_modules/cookie
764 silly ADD node_modules/content-type
765 silly ADD node_modules/content-disposition
766 silly ADD node_modules/body-parser
767 silly ADD node_modules/array-flatten
768 silly ADD node_modules/accepts
769 silly ADD node_modules/vary
770 silly ADD node_modules/object-assign
771 silly ADD node_modules/uuid
772 silly ADD node_modules/multer
773 silly ADD node_modules/express
774 silly ADD node_modules/cors
775 verbose cwd /Users/xcape/网页/google
776 verbose os Darwin 24.2.0
777 verbose node v22.11.0
778 verbose npm  v10.9.0
779 notice
779 notice New [31mmajor[39m version of npm available! [31m10.9.0[39m -> [34m11.4.1[39m
779 notice Changelog: [34mhttps://github.com/npm/cli/releases/tag/v11.4.1[39m
779 notice To update run: [4mnpm install -g npm@11.4.1[24m
779 notice  { force: true, [Symbol(proc-log.meta)]: true }
780 verbose exit 0
781 info ok
